LOG: 2024/05/11 17:48:38 main.go:361: Phần thưởng golden duck đã ghi vào file RewardGoldenDuck.json. Result: {"error_code":"","data":{"type":3,"amount":"500.00"}}
LOG: 2024/05/11 18:19:51 main.go:407: Phần thưởng golden duck đã ghi vào file RewardGoldenDuck.json. Result: {"error_code":"","data":{"type":2,"amount":"0.20"}}
LOG: 2024/05/11 19:20:23 main.go:416: Đã đánh golden duck thành công và nhận được unspecified. result: 0.00 unspecified. Result: {"error_code":"","data":{"type":0,"amount":"0.00"}}
LOG: 2024/05/11 20:04:14 main.go:449: Đã đánh golden duck thành công và nhận được egg. result: 1000.00 egg. Result: {"error_code":"","data":{"type":3,"amount":"1000.00"}}
LOG: 2024/05/11 20:04:14 main.go:449: Đã đánh golden duck thành công và nhận được egg. result: 1000.00 egg. Result: <!DOCTYPE html>
<html lang="en">
<head>
<meta charset="utf-8">
<title>Error</title>
</head>
<body>
<pre>Cannot GET /golden-duck/claim</pre>
</body>
</html>

LOG: 2024/05/11 21:15:19 main.go:512: Received reward. Result: {"error_code":"","data":{"type":3,"amount":"500.00"}}
LOG: 2024/05/11 22:15:22 main.go:514: Received reward. Result: {"error_code":"","data":{"type":3,"amount":"1000.00"}}
LOG: 2024/05/11 22:45:22 main.go:514: Received reward. Result: {"error_code":"","data":{"type":0,"amount":"0.00"}}
LOG: 2024/05/11 23:15:24 main.go:514: Received reward. Result: {"error_code":"","data":{"type":2,"amount":"0.20"}}
LOG: 2024/05/11 23:45:25 main.go:514: Received reward. Result: {"error_code":"","data":{"type":0,"amount":"0.00"}}
LOG: 2024/05/12 09:53:08 main.go:514: Received reward. Result: {"error_code":"","data":{"type":3,"amount":"1000.00"}}
LOG: 2024/05/12 10:23:08 main.go:514: Received reward. Result: {"error_code":"","data":{"type":3,"amount":"5000.00"}}
LOG: 2024/05/12 10:53:09 main.go:514: Received reward. Result: {"error_code":"","data":{"type":0,"amount":0}}
LOG: 2024/05/12 11:23:10 main.go:514: Received reward. Result: {"error_code":"","data":{"type":2,"amount":"0.20"}}
LOG: 2024/05/12 11:53:12 main.go:514: Received reward. Result: {"error_code":"","data":{"type":2,"amount":"0.50"}}
LOG: 2024/05/12 12:23:13 main.go:514: Received reward. Result: {"error_code":"","data":{"type":2,"amount":"0.20"}}
LOG: 2024/05/12 12:53:16 main.go:514: Received reward. Result: {"error_code":"","data":{"type":0,"amount":0}}
LOG: 2024/05/12 13:23:16 main.go:514: Received reward. Result: {"error_code":"","data":{"type":0,"amount":0}}
LOG: 2024/05/12 13:53:17 main.go:514: Received reward. Result: {"error_code":"","data":{"type":2,"amount":"0.20"}}
LOG: 2024/05/12 14:23:18 main.go:514: Received reward. Result: {"error_code":"","data":{"type":2,"amount":"0.20"}}
LOG: 2024/05/12 14:53:18 main.go:514: Received reward. Result: {"error_code":"","data":{"type":2,"amount":"0.20"}}
LOG: 2024/05/12 15:23:19 main.go:514: Received reward. Result: {"error_code":"","data":{"type":2,"amount":"0.50"}}
LOG: 2024/05/12 15:53:20 main.go:514: Received reward. Result: {"error_code":"","data":{"type":3,"amount":"1000.00"}}
LOG: 2024/05/12 16:23:21 main.go:514: Received reward. Result: {"error_code":"","data":{"type":3,"amount":"1000.00"}}
LOG: 2024/05/12 16:53:22 main.go:499: Received reward. Result: {"error_code":"","data":{"type":3,"amount":"500.00"}}
LOG: 2024/05/12 17:23:22 main.go:499: Received reward. Result: {"error_code":"","data":{"type":3,"amount":"500.00"}}
LOG: 2024/05/12 17:53:23 main.go:499: Received reward. Result: {"error_code":"","data":{"type":2,"amount":"1.00"}}
LOG: 2024/05/12 18:23:23 main.go:499: Received reward. Result: {"error_code":"","data":{"type":0,"amount":0}}
LOG: 2024/05/12 18:53:24 main.go:499: Received reward. Result: {"error_code":"","data":{"type":2,"amount":"0.50"}}
LOG: 2024/05/12 19:23:25 main.go:499: Received reward. Result: {"error_code":"","data":{"type":3,"amount":"500.00"}}
LOG: 2024/05/12 19:53:26 main.go:499: Received reward. Result: {"error_code":"","data":{"type":2,"amount":"0.20"}}
LOG: 2024/05/12 20:23:28 main.go:499: Received reward. Result: {"error_code":"","data":{"type":2,"amount":"0.50"}}
LOG: 2024/05/12 20:53:29 main.go:499: Received reward. Result: {"error_code":"","data":{"type":3,"amount":"1000.00"}}
LOG: 2024/05/13 11:52:18 main.go:499: Received reward. Result: {"error_code":"","data":{"type":0,"amount":0}}
LOG: 2024/05/13 12:22:20 main.go:499: Received reward. Result: {"error_code":"","data":{"type":3,"amount":"1000.00"}}
LOG: 2024/05/13 12:52:22 main.go:499: Received reward. Result: {"error_code":"","data":{"type":3,"amount":"500.00"}}
LOG: 2024/05/13 13:22:24 main.go:499: Received reward. Result: {"error_code":"","data":{"type":3,"amount":"500.00"}}
LOG: 2024/05/13 13:52:25 main.go:499: Received reward. Result: {"error_code":"","data":{"type":3,"amount":"500.00"}}
LOG: 2024/05/13 14:22:25 main.go:499: Received reward. Result: {"error_code":"","data":{"type":0,"amount":0}}
LOG: 2024/05/13 14:52:28 main.go:499: Received reward. Result: {"error_code":"","data":{"type":3,"amount":"500.00"}}
LOG: 2024/05/13 18:10:01 main.go:558: Received reward. Result: {"error_code":"","data":{"type":3,"amount":"500.00"}}
LOG: 2024/05/13 18:40:10 main.go:578: Received reward. Result: {"error_code":"","data":{"type":2,"amount":"1.00"}}
LOG: 2024/05/13 19:10:12 main.go:581: Phần thưởng được nhận là. Result: {"error_code":"","data":{"type":3,"amount":"500.00"}}
LOG: 2024/05/13 19:40:12 main.go:581: Phần thưởng được nhận là. Result: {"error_code":"","data":{"type":3,"amount":"1000.00"}}
LOG: 2024/05/14 09:39:35 main.go:590: Phần thưởng được nhận là. Result: {"error_code":"","data":{"type":0,"amount":0}}
LOG: 2024/05/14 10:42:32 main.go:591: Phần thưởng được nhận là. Result: {"error_code":"","data":{"type":0,"amount":0}}
LOG: 2024/05/14 11:12:34 main.go:591: Phần thưởng được nhận là. Result: {"error_code":"","data":{"type":3,"amount":"5000.00"}}
LOG: 2024/05/14 11:42:34 main.go:587: Phần thưởng được nhận là. Result: {"error_code":"","data":{"type":3,"amount":"1000.00"}}
LOG: 2024/05/14 12:12:35 main.go:587: Phần thưởng được nhận là. Result: {"error_code":"","data":{"type":3,"amount":"500.00"}}
LOG: 2024/05/14 12:42:37 main.go:587: Phần thưởng được nhận là. Result: {"error_code":"","data":{"type":0,"amount":0}}
LOG: 2024/05/14 13:12:38 main.go:587: Phần thưởng được nhận là. Result: {"error_code":"","data":{"type":3,"amount":"500.00"}}
LOG: 2024/05/14 20:55:31 main.go:587: Phần thưởng được nhận là. Result: {"error_code":"","data":{"type":3,"amount":"1000.00"}}
LOG: 2024/05/14 21:25:33 main.go:587: Phần thưởng được nhận là. Result: {"error_code":"","data":{"type":3,"amount":"1000.00"}}
LOG: 2024/05/14 21:55:34 main.go:587: Phần thưởng được nhận là. Result: {"error_code":"","data":{"type":2,"amount":"0.20"}}
LOG: 2024/05/15 11:59:41 main.go:587: Phần thưởng được nhận là. Result: {"error_code":"","data":{"type":2,"amount":"0.20"}}
LOG: 2024/05/15 12:29:43 main.go:587: Phần thưởng được nhận là. Result: {"error_code":"","data":{"type":2,"amount":"0.20"}}
LOG: 2024/05/15 12:59:45 main.go:587: Phần thưởng được nhận là. Result: {"error_code":"","data":{"type":2,"amount":"0.20"}}
LOG: 2024/05/15 13:29:46 main.go:587: Phần thưởng được nhận là. Result: {"error_code":"","data":{"type":3,"amount":"1000.00"}}
LOG: 2024/05/15 13:59:47 main.go:587: Phần thưởng được nhận là. Result: {"error_code":"","data":{"type":3,"amount":"1000.00"}}
LOG: 2024/05/15 14:29:48 main.go:587: Phần thưởng được nhận là. Result: {"error_code":"","data":{"type":2,"amount":"0.50"}}
LOG: 2024/05/15 14:59:49 main.go:587: Phần thưởng được nhận là. Result: {"error_code":"","data":{"type":3,"amount":"500.00"}}
LOG: 2024/05/15 15:46:42 main.go:587: Phần thưởng được nhận là. Result: {"error_code":"","data":{"type":2,"amount":"0.20"}}
LOG: 2024/05/16 09:12:30 main.go:587: Phần thưởng được nhận là. Result: {"error_code":"","data":{"type":3,"amount":"1000.00"}}
LOG: 2024/05/16 09:42:30 main.go:587: Phần thưởng được nhận là. Result: {"error_code":"","data":{"type":3,"amount":"500.00"}}
LOG: 2024/05/16 10:12:31 main.go:587: Phần thưởng được nhận là. Result: {"error_code":"","data":{"type":3,"amount":"500.00"}}
LOG: 2024/05/16 10:42:31 main.go:587: Phần thưởng được nhận là. Result: {"error_code":"","data":{"type":2,"amount":"1.00"}}
LOG: 2024/05/16 11:12:33 main.go:587: Phần thưởng được nhận là. Result: {"error_code":"","data":{"type":3,"amount":"5000.00"}}
LOG: 2024/05/16 12:17:15 main.go:587: Phần thưởng được nhận là. Result: {"error_code":"","data":{"type":3,"amount":"500.00"}}
LOG: 2024/05/16 12:47:17 main.go:587: Phần thưởng được nhận là. Result: {"error_code":"","data":{"type":2,"amount":"0.20"}}
LOG: 2024/05/16 13:17:17 main.go:587: Phần thưởng được nhận là. Result: {"error_code":"","data":{"type":2,"amount":"0.50"}}
LOG: 2024/05/16 13:47:18 main.go:586: Phần thưởng được nhận là. Result: {"error_code":"","data":{"type":3,"amount":"1000.00"}}
LOG: 2024/05/16 14:17:23 main.go:586: Phần thưởng được nhận là. Result: {"error_code":"","data":{"type":0,"amount":0}}
LOG: 2024/05/16 14:47:23 main.go:586: Phần thưởng được nhận là. Result: {"error_code":"","data":{"type":0,"amount":0}}
LOG: 2024/05/17 21:14:40 main.go:586: Phần thưởng được nhận là. Result: {"error_code":"","data":{"type":0,"amount":0}}
LOG: 2024/05/18 11:47:02 main.go:586: Phần thưởng được nhận là. Result: {"error_code":"","data":{"type":3,"amount":"5000.00"}}
LOG: 2024/05/18 12:54:33 main.go:586: Phần thưởng được nhận là. Result: {"error_code":"","data":{"type":3,"amount":"500.00"}}
LOG: 2024/05/18 13:24:34 main.go:586: Phần thưởng được nhận là. Result: {"error_code":"","data":{"type":0,"amount":0}}
LOG: 2024/05/18 13:54:34 main.go:586: Phần thưởng được nhận là. Result: {"error_code":"","data":{"type":2,"amount":"0.20"}}
LOG: 2024/05/18 14:24:35 main.go:586: Phần thưởng được nhận là. Result: {"error_code":"","data":{"type":0,"amount":0}}
LOG: 2024/05/18 14:54:36 main.go:586: Phần thưởng được nhận là. Result: {"error_code":"","data":{"type":2,"amount":"0.20"}}
LOG: 2024/05/18 15:24:36 main.go:586: Phần thưởng được nhận là. Result: {"error_code":"","data":{"type":3,"amount":"5000.00"}}
LOG: 2024/05/18 15:54:37 main.go:586: Phần thưởng được nhận là. Result: {"error_code":"","data":{"type":3,"amount":"1000.00"}}
LOG: 2024/05/18 16:24:39 main.go:586: Phần thưởng được nhận là. Result: {"error_code":"","data":{"type":3,"amount":"1000.00"}}
LOG: 2024/05/18 16:54:39 main.go:586: Phần thưởng được nhận là. Result: {"error_code":"","data":{"type":3,"amount":"1000.00"}}
LOG: 2024/05/19 12:03:02 main.go:586: Phần thưởng được nhận là. Result: {"error_code":"","data":{"type":2,"amount":"0.20"}}
LOG: 2024/05/21 10:11:40 main.go:587: Phần thưởng được nhận là. Result: {"error_code":"","data":{"type":3,"amount":"500.00"}}
LOG: 2024/05/21 10:41:41 main.go:587: Phần thưởng được nhận là. Result: {"error_code":"","data":{"type":3,"amount":"500.00"}}
LOG: 2024/05/21 11:11:42 main.go:587: Phần thưởng được nhận là. Result: {"error_code":"","data":{"type":3,"amount":"1000.00"}}
LOG: 2024/05/22 12:53:36 main.go:587: Phần thưởng được nhận là. Result: {"error_code":"","data":{"type":3,"amount":"5000.00"}}
LOG: 2024/05/22 18:03:13 main.go:587: Phần thưởng được nhận là. Result: {"error_code":"","data":{"type":3,"amount":"500.00"}}
LOG: 2024/05/22 18:33:14 main.go:587: Phần thưởng được nhận là. Result: {"error_code":"","data":{"type":2,"amount":"0.10"}}
LOG: 2024/05/22 19:03:15 main.go:587: Phần thưởng được nhận là. Result: {"error_code":"","data":{"type":3,"amount":"5000.00"}}
LOG: 2024/05/22 19:33:17 main.go:587: Phần thưởng được nhận là. Result: {"error_code":"","data":{"type":3,"amount":"500.00"}}
LOG: 2024/05/22 20:03:20 main.go:587: Phần thưởng được nhận là. Result: {"error_code":"","data":{"type":2,"amount":"0.10"}}
LOG: 2024/05/23 10:15:51 main.go:587: Phần thưởng được nhận là. Result: {"error_code":"","data":{"type":3,"amount":"500.00"}}
LOG: 2024/05/23 10:45:51 main.go:587: Phần thưởng được nhận là. Result: {"error_code":"","data":{"type":3,"amount":"1000.00"}}
LOG: 2024/05/23 11:15:52 main.go:587: Phần thưởng được nhận là. Result: {"error_code":"","data":{"type":3,"amount":"1000.00"}}
LOG: 2024/05/23 11:45:53 main.go:587: Phần thưởng được nhận là. Result: {"error_code":"","data":{"type":2,"amount":"0.10"}}
LOG: 2024/05/23 12:15:54 main.go:587: Phần thưởng được nhận là. Result: {"error_code":"","data":{"type":0,"amount":0}}
LOG: 2024/05/23 12:45:56 main.go:587: Phần thưởng được nhận là. Result: {"error_code":"","data":{"type":3,"amount":"5000.00"}}
LOG: 2024/05/23 13:15:57 main.go:587: Phần thưởng được nhận là. Result: {"error_code":"","data":{"type":2,"amount":"0.10"}}
LOG: 2024/05/23 13:45:58 main.go:587: Phần thưởng được nhận là. Result: {"error_code":"","data":{"type":2,"amount":"0.20"}}
LOG: 2024/05/23 17:59:52 main.go:587: Phần thưởng được nhận là. Result: {"error_code":"","data":{"type":3,"amount":"5000.00"}}
LOG: 2024/05/23 18:29:52 main.go:587: Phần thưởng được nhận là. Result: {"error_code":"","data":{"type":3,"amount":"500.00"}}
LOG: 2024/05/23 18:59:52 main.go:587: Phần thưởng được nhận là. Result: {"error_code":"","data":{"type":3,"amount":"500.00"}}
LOG: 2024/05/23 19:29:53 main.go:587: Phần thưởng được nhận là. Result: {"error_code":"","data":{"type":3,"amount":"5000.00"}}
LOG: 2024/05/23 19:59:54 main.go:587: Phần thưởng được nhận là. Result: {"error_code":"","data":{"type":3,"amount":"500.00"}}
LOG: 2024/05/23 20:29:55 main.go:587: Phần thưởng được nhận là. Result: {"error_code":"","data":{"type":2,"amount":"0.10"}}
LOG: 2024/05/23 20:59:56 main.go:587: Phần thưởng được nhận là. Result: {"error_code":"","data":{"type":0,"amount":0}}
LOG: 2024/05/23 21:29:57 main.go:587: Phần thưởng được nhận là. Result: {"error_code":"","data":{"type":3,"amount":"500.00"}}
LOG: 2024/05/24 10:55:21 main.go:587: Phần thưởng được nhận là. Result: {"error_code":"","data":{"type":3,"amount":"500.00"}}
LOG: 2024/05/24 11:25:23 main.go:587: Phần thưởng được nhận là. Result: {"error_code":"","data":{"type":3,"amount":"1000.00"}}
LOG: 2024/05/24 11:55:24 main.go:587: Phần thưởng được nhận là. Result: {"error_code":"","data":{"type":2,"amount":"0.10"}}
LOG: 2024/05/24 12:25:25 main.go:587: Phần thưởng được nhận là. Result: {"error_code":"","data":{"type":3,"amount":"500.00"}}
LOG: 2024/05/24 12:55:28 main.go:587: Phần thưởng được nhận là. Result: {"error_code":"","data":{"type":3,"amount":"1000.00"}}
LOG: 2024/05/24 13:25:30 main.go:587: Phần thưởng được nhận là. Result: {"error_code":"","data":{"type":2,"amount":"0.10"}}
LOG: 2024/05/24 19:58:08 main.go:587: Phần thưởng được nhận là. Result: {"error_code":"","data":{"type":2,"amount":"0.10"}}
LOG: 2024/05/24 20:34:37 main.go:587: Phần thưởng được nhận là. Result: {"error_code":"","data":{"type":3,"amount":"500.00"}}
LOG: 2024/05/25 11:14:45 main.go:587: Phần thưởng được nhận là. Result: {"error_code":"","data":{"type":3,"amount":"500.00"}}
LOG: 2024/05/25 11:44:46 main.go:587: Phần thưởng được nhận là. Result: {"error_code":"","data":{"type":0,"amount":0}}
LOG: 2024/05/25 12:30:03 main.go:587: Phần thưởng được nhận là. Result: {"error_code":"","data":{"type":3,"amount":"1000.00"}}
LOG: 2024/05/25 14:34:55 main.go:587: Phần thưởng được nhận là. Result: {"error_code":"","data":{"type":0,"amount":0}}
LOG: 2024/05/25 15:04:56 main.go:587: Phần thưởng được nhận là. Result: {"error_code":"","data":{"type":3,"amount":"500.00"}}
LOG: 2024/05/25 15:34:59 main.go:587: Phần thưởng được nhận là. Result: {"error_code":"","data":{"type":0,"amount":0}}
LOG: 2024/05/25 16:05:01 main.go:587: Phần thưởng được nhận là. Result: {"error_code":"","data":{"type":3,"amount":"1000.00"}}
LOG: 2024/05/25 16:35:02 main.go:587: Phần thưởng được nhận là. Result: {"error_code":"","data":{"type":3,"amount":"500.00"}}
LOG: 2024/05/26 11:42:57 main.go:587: Phần thưởng được nhận là. Result: {"error_code":"","data":{"type":2,"amount":"0.10"}}
LOG: 2024/05/26 11:47:22 main.go:587: Phần thưởng được nhận là. Result: {"error_code":"","data":{"type":2,"amount":"0.10"}}
LOG: 2024/05/26 12:54:05 main.go:587: Phần thưởng được nhận là. Result: {"error_code":"","data":{"type":2,"amount":"0.20"}}
LOG: 2024/05/26 13:24:16 main.go:587: Phần thưởng được nhận là. Result: {"error_code":"","data":{"type":3,"amount":"5000.00"}}
LOG: 2024/05/26 21:19:20 main.go:587: Phần thưởng được nhận là. Result: {"error_code":"","data":{"type":0,"amount":0}}
LOG: 2024/05/27 16:19:03 main.go:587: Phần thưởng được nhận là. Result: {"error_code":"","data":{"type":3,"amount":"500.00"}}
LOG: 2024/05/27 16:49:04 main.go:587: Phần thưởng được nhận là. Result: {"error_code":"","data":{"type":2,"amount":"0.10"}}
LOG: 2024/06/07 17:42:59 main.go:587: Phần thưởng được nhận là. Result: {"error_code":"","data":{"type":0,"amount":0}}
